2021-07-10 11:47:57,662 - MainThread:16692 - 日志名字:user - user_interface.py:23 -INFO - alex注册成功！
2021-07-10 11:48:04,440 - MainThread:16692 - 日志名字:user - user_interface.py:35 -INFO - evan登录成功！
2021-07-10 11:48:07,106 - MainThread:16692 - 日志名字:user - user_interface.py:47 -INFO - evan查看余额成功！
2021-07-10 11:48:10,909 - MainThread:16692 - 日志名字:bank - bank_interface.py:20 -INFO - evan提现44444元成功！账户余额9909999.8元
2021-07-10 11:48:13,040 - MainThread:16692 - 日志名字:user - user_interface.py:47 -INFO - evan查看余额成功！
2021-07-10 11:49:52,671 - MainThread:10844 - 日志名字:user - user_interface.py:35 -INFO - evan登录成功！
2021-07-10 11:50:10,819 - MainThread:10844 - 日志名字:bank - bank_interface.py:33 -INFO - evan还款111111元成功,账户余额10021110.8元
2021-07-10 11:50:20,290 - MainThread:10844 - 日志名字:bank - bank_interface.py:62 -INFO - evan给sarah转账1314520.0元成功！账户余额8706590.8元
2021-07-10 11:50:28,387 - MainThread:10844 - 日志名字:user - user_interface.py:56 -INFO - evan查看流水成功！
2021-07-10 11:50:42,280 - MainThread:10844 - 日志名字:bank - bank_interface.py:83 -INFO - evan消费41995元成功，账户余额8664595.8元
2021-07-10 11:50:42,281 - MainThread:10844 - 日志名字:shop - shopping_interface.py:19 -INFO - evan支付成功！
2021-07-10 11:50:45,113 - MainThread:10844 - 日志名字:user - user_interface.py:47 -INFO - evan查看余额成功！
2021-07-10 11:51:06,585 - MainThread:10844 - 日志名字:shop - shopping_interface.py:45 -INFO - evan购物车添加成功！
2021-07-10 11:51:09,347 - MainThread:10844 - 日志名字:shop - shopping_interface.py:53 -INFO - evan查看购物车成功！
2021-07-10 11:51:44,247 - MainThread:236 - 日志名字:user - user_interface.py:35 -INFO - evan登录成功！
2021-07-10 11:51:47,312 - MainThread:236 - 日志名字:shop - shopping_interface.py:53 -INFO - evan查看购物车成功！
2021-07-10 11:51:52,250 - MainThread:236 - 日志名字:shop - shopping_interface.py:45 -INFO - evan购物车添加成功！
2021-07-10 11:51:53,122 - MainThread:236 - 日志名字:shop - shopping_interface.py:53 -INFO - evan查看购物车成功！
2021-07-10 11:52:07,128 - MainThread:236 - 日志名字:shop - shopping_interface.py:45 -INFO - evan购物车添加成功！
2021-07-10 11:52:07,937 - MainThread:236 - 日志名字:shop - shopping_interface.py:53 -INFO - evan查看购物车成功！
2021-07-10 11:52:32,072 - MainThread:236 - 日志名字:shop - shopping_interface.py:45 -INFO - evan购物车添加成功！
2021-07-10 11:52:38,517 - MainThread:236 - 日志名字:admin - admin_interface.py:19 -INFO - aa冻结成功！
2021-07-10 11:52:49,720 - MainThread:236 - 日志名字:admin - admin_interface.py:32 -INFO - 修改aa余额成功！
2021-07-10 11:53:12,472 - MainThread:11840 - 日志名字:user - user_interface.py:38 -WARNING - aa密码输入错误！
2021-07-10 11:53:14,182 - MainThread:11840 - 日志名字:user - user_interface.py:38 -WARNING - aa密码输入错误！
2021-07-10 11:53:18,078 - MainThread:11840 - 日志名字:user - user_interface.py:38 -WARNING - aa密码输入错误！
2021-07-10 11:53:22,735 - MainThread:11840 - 日志名字:user - user_interface.py:38 -WARNING - aa密码输入错误！
2021-07-10 11:53:24,283 - MainThread:11840 - 日志名字:user - user_interface.py:38 -WARNING - aa密码输入错误！
2021-07-10 11:53:44,622 - MainThread:11840 - 日志名字:user - user_interface.py:35 -INFO - evan登录成功！
2021-07-10 11:53:53,343 - MainThread:11840 - 日志名字:user - user_interface.py:23 -INFO - aaa注册成功！
2021-07-10 11:54:01,662 - MainThread:11840 - 日志名字:user - user_interface.py:35 -INFO - evan登录成功！
2021-07-10 11:54:09,256 - MainThread:11840 - 日志名字:admin - admin_interface.py:19 -INFO - aaa冻结成功！
2021-07-10 11:54:21,338 - MainThread:16788 - 日志名字:user - user_interface.py:35 -INFO - evan登录成功！
2021-07-10 12:04:55,938 - MainThread:13280 - 日志名字:user - user_interface.py:38 -WARNING - aaa密码输入错误！
2021-07-10 12:05:04,137 - MainThread:13280 - 日志名字:user - user_interface.py:35 -INFO - evan登录成功！
2021-07-10 12:06:42,312 - MainThread:5568 - 日志名字:user - user_interface.py:35 -INFO - evan登录成功！
2021-07-10 12:06:48,341 - MainThread:5568 - 日志名字:admin - admin_interface.py:46 -INFO - aaa解冻成功！
2021-07-10 12:06:59,194 - MainThread:19980 - 日志名字:user - user_interface.py:35 -INFO - aaa登录成功！
2021-07-10 12:07:00,638 - MainThread:19980 - 日志名字:user - user_interface.py:47 -INFO - aaa查看余额成功！
2021-07-10 12:07:03,937 - MainThread:19980 - 日志名字:user - user_interface.py:56 -INFO - aaa查看流水成功！
2021-07-10 12:14:55,822 - MainThread:10952 - 日志名字:user - user_interface.py:35 -INFO - evan登录成功！
2021-07-10 12:14:57,593 - MainThread:10952 - 日志名字:user - user_interface.py:47 -INFO - evan查看余额成功！
2021-07-19 16:53:05,060 - MainThread:11152 - 日志名字:user - user_interface.py:23 -INFO - aaaa注册成功！
2021-07-19 16:53:10,357 - MainThread:11152 - 日志名字:user - user_interface.py:38 -WARNING - evan密码输入错误！
2021-07-19 16:53:14,380 - MainThread:11152 - 日志名字:user - user_interface.py:35 -INFO - evan登录成功！
2021-07-19 16:53:16,391 - MainThread:11152 - 日志名字:user - user_interface.py:47 -INFO - evan查看余额成功！
2021-07-19 16:53:25,684 - MainThread:11152 - 日志名字:bank - bank_interface.py:20 -INFO - evan提现200000元成功！账户余额8454595.0元
2021-07-19 16:53:30,188 - MainThread:11152 - 日志名字:bank - bank_interface.py:33 -INFO - evan还款100000元成功,账户余额8554595.0元
2021-07-19 16:53:37,898 - MainThread:11152 - 日志名字:bank - bank_interface.py:62 -INFO - evan给sarah转账1314520.0元成功！账户余额7240075.0元
2021-07-19 16:53:47,386 - MainThread:11152 - 日志名字:bank - bank_interface.py:48 -WARNING - evan余额不足，转账失败!
2021-07-19 16:53:50,492 - MainThread:11152 - 日志名字:bank - bank_interface.py:62 -INFO - evan给aa转账11.0元成功！账户余额7240064.0元
2021-07-19 16:53:54,849 - MainThread:11152 - 日志名字:user - user_interface.py:56 -INFO - evan查看流水成功！
2021-07-19 16:54:07,524 - MainThread:11152 - 日志名字:bank - bank_interface.py:83 -INFO - evan消费6999元成功，账户余额7233065.0元
2021-07-19 16:54:07,524 - MainThread:11152 - 日志名字:shop - shopping_interface.py:19 -INFO - evan支付成功！
2021-07-31 14:15:44,085 - MainThread:12140 - 日志名字:user - user_interface.py:38 -WARNING - evan密码输入错误！
2021-07-31 14:15:46,413 - MainThread:12140 - 日志名字:user - user_interface.py:38 -WARNING - evan密码输入错误！
2021-07-31 14:15:52,519 - MainThread:12140 - 日志名字:user - user_interface.py:38 -WARNING - evan密码输入错误！
2021-07-31 14:15:59,126 - MainThread:12140 - 日志名字:user - user_interface.py:38 -WARNING - evan密码输入错误！
2021-07-31 14:16:01,505 - MainThread:12140 - 日志名字:user - user_interface.py:35 -INFO - evan登录成功！
2021-07-31 14:16:03,232 - MainThread:12140 - 日志名字:user - user_interface.py:47 -INFO - evan查看余额成功！
2021-07-31 14:16:07,148 - MainThread:12140 - 日志名字:bank - bank_interface.py:20 -INFO - evan提现11111元成功！账户余额7221398.45元
2021-07-31 14:16:11,283 - MainThread:12140 - 日志名字:bank - bank_interface.py:33 -INFO - evan还款111111111111元成功,账户余额111118332509.45元
2021-07-31 14:16:24,688 - MainThread:12140 - 日志名字:bank - bank_interface.py:62 -INFO - evan给alex转账111111111.0元成功！账户余额111007221398.45元
2021-07-31 14:16:27,885 - MainThread:12140 - 日志名字:user - user_interface.py:56 -INFO - evan查看流水成功！
2021-07-31 14:16:40,659 - MainThread:12140 - 日志名字:bank - bank_interface.py:83 -INFO - evan消费26997元成功，账户余额111007194401.45元
2021-07-31 14:16:40,661 - MainThread:12140 - 日志名字:shop - shopping_interface.py:19 -INFO - evan支付成功！
2021-07-31 14:16:44,324 - MainThread:12140 - 日志名字:shop - shopping_interface.py:53 -INFO - evan查看购物车成功！
2021-07-31 14:17:00,543 - MainThread:12140 - 日志名字:shop - shopping_interface.py:45 -INFO - evan购物车添加成功！
2021-07-31 14:17:09,096 - MainThread:12140 - 日志名字:shop - shopping_interface.py:53 -INFO - evan查看购物车成功！
